This file contains any messages produced by compilers while
running configure, to aid debugging if configure makes a mistake.

It was created by timetracker-applet configure "1.1beta1" , which was
generated by GNU Autoconf 2.65.  Invocation command line was

  $ ./configure 

## --------- ##
## Platform. ##
## --------- ##

hostname = RE
uname -m = x86_64
uname -r = 3.2.0-32-generic
uname -s = Linux
uname -v = #51-Ubuntu SMP Wed Sep 26 21:33:09 UTC 2012

/usr/bin/uname -p = unknown
/bin/uname -X     = unknown

/bin/arch              = unknown
/usr/bin/arch -k       = unknown
/usr/convex/getsysinfo = unknown
/usr/bin/hostinfo      = unknown
/bin/machine           = unknown
/usr/bin/oslevel       = unknown
/bin/universe          = unknown

PATH: /usr/local/heroku/bin
PATH: /home/d/.bin
PATH: /home/d/.bin/bash
PATH: /home/d/.bin/python
PATH: /usr/local/heroku/bin
PATH: /usr/local/heroku/bin
PATH: /usr/local/heroku/bin
PATH: /usr/local/heroku/bin
PATH: /usr/local/heroku/bin
PATH: /usr/local/heroku/bin
PATH: /usr/local/heroku/bin
PATH: /usr/local/heroku/bin
PATH: /home/d/bin
PATH: /usr/lib/lightdm/lightdm
PATH: /usr/local/sbin
PATH: /usr/local/bin
PATH: /usr/sbin
PATH: /usr/bin
PATH: /sbin
PATH: /bin
PATH: /usr/games
PATH: /opt/neXtep/installer
PATH: /home/d/A/android-sdk-linux/platform-tools
PATH: /home/d/A/android-sdk-linux/tools
PATH: /home/d/.bin/git/less.js/bin
PATH: /home/d/.npm/uglify-js/1.2.5/package/bin/
PATH: /opt/vagrant/bin
PATH: /usr/lib/jvm/java-6-openjdk-amd64/bin
PATH: /opt/neXtep/installer
PATH: /home/d/A/android-sdk-linux/platform-tools
PATH: /home/d/A/android-sdk-linux/tools
PATH: /home/d/.bin/git/less.js/bin
PATH: /home/d/.npm/uglify-js/1.2.5/package/bin/
PATH: /opt/vagrant/bin
PATH: /usr/lib/jvm/java-6-openjdk-amd64/bin
PATH: /opt/neXtep/installer
PATH: /home/d/A/android-sdk-linux/platform-tools
PATH: /home/d/A/android-sdk-linux/tools
PATH: /home/d/.bin/git/less.js/bin
PATH: /home/d/.npm/uglify-js/1.2.5/package/bin/
PATH: /opt/vagrant/bin
PATH: /usr/lib/jvm/java-6-openjdk-amd64/bin
PATH: /opt/neXtep/installer
PATH: /home/d/A/android-sdk-linux/platform-tools
PATH: /home/d/A/android-sdk-linux/tools
PATH: /home/d/.bin/git/less.js/bin
PATH: /home/d/.npm/uglify-js/1.2.5/package/bin/
PATH: /opt/vagrant/bin
PATH: /usr/lib/jvm/java-6-openjdk-amd64/bin
PATH: /opt/neXtep/installer
PATH: /home/d/A/android-sdk-linux/platform-tools
PATH: /home/d/A/android-sdk-linux/tools
PATH: /home/d/.bin/git/less.js/bin
PATH: /home/d/.npm/uglify-js/1.2.5/package/bin/
PATH: /opt/vagrant/bin
PATH: /usr/lib/jvm/java-6-openjdk-amd64/bin
PATH: /opt/neXtep/installer
PATH: /home/d/A/android-sdk-linux/platform-tools
PATH: /home/d/A/android-sdk-linux/tools
PATH: /home/d/.bin/git/less.js/bin
PATH: /home/d/.npm/uglify-js/1.2.5/package/bin/
PATH: /opt/vagrant/bin
PATH: /usr/lib/jvm/java-6-openjdk-amd64/bin
PATH: /opt/neXtep/installer
PATH: /home/d/A/android-sdk-linux/platform-tools
PATH: /home/d/A/android-sdk-linux/tools
PATH: /home/d/.bin/git/less.js/bin
PATH: /home/d/.npm/uglify-js/1.2.5/package/bin/
PATH: /opt/vagrant/bin
PATH: /usr/lib/jvm/java-6-openjdk-amd64/bin
PATH: /opt/neXtep/installer
PATH: /home/d/A/android-sdk-linux/platform-tools
PATH: /home/d/A/android-sdk-linux/tools
PATH: /home/d/.bin/git/less.js/bin
PATH: /home/d/.npm/uglify-js/1.2.5/package/bin/
PATH: /opt/vagrant/bin
PATH: /usr/lib/jvm/java-6-openjdk-amd64/bin
PATH: /opt/neXtep/installer
PATH: /home/d/A/android-sdk-linux/platform-tools
PATH: /home/d/A/android-sdk-linux/tools
PATH: /home/d/.bin/git/less.js/bin
PATH: /home/d/.npm/uglify-js/1.2.5/package/bin/
PATH: /opt/vagrant/bin
PATH: /usr/lib/jvm/java-6-openjdk-amd64/bin


## ----------- ##
## Core tests. ##
## ----------- ##

configure:2248: checking for a BSD-compatible install
configure:2316: result: /usr/bin/install -c
configure:2327: checking whether build environment is sane
configure:2377: result: yes
configure:2518: checking for a thread-safe mkdir -p
configure:2557: result: /bin/mkdir -p
configure:2570: checking for gawk
configure:2600: result: no
configure:2570: checking for mawk
configure:2586: found /usr/bin/mawk
configure:2597: result: mawk
configure:2608: checking whether make sets $(MAKE)
configure:2630: result: yes
configure:2712: checking whether to enable maintainer-specific portions of Makefiles
configure:2721: result: no
configure:2736: checking whether NLS is requested
configure:2745: result: yes
configure:2761: checking for style of include used by make
configure:2789: result: GNU
configure:2859: checking for gcc
configure:2875: found /usr/bin/gcc
configure:2886: result: gcc
configure:3115: checking for C compiler version
configure:3124: gcc --version >&5
gcc (Ubuntu/Linaro 4.6.3-1ubuntu5) 4.6.3
Copyright (C) 2011 Free Software Foundation, Inc.
This is free software; see the source for copying conditions.  There is NO
warranty; not even for MERCHANTABILITY or FITNESS FOR A PARTICULAR PURPOSE.

configure:3135: $? = 0
configure:3124: gcc -v >&5
Using built-in specs.
COLLECT_GCC=gcc
COLLECT_LTO_WRAPPER=/usr/lib/gcc/x86_64-linux-gnu/4.6/lto-wrapper
Target: x86_64-linux-gnu
Configured with: ../src/configure -v --with-pkgversion='Ubuntu/Linaro 4.6.3-1ubuntu5' --with-bugurl=file:///usr/share/doc/gcc-4.6/README.Bugs --enable-languages=c,c++,fortran,objc,obj-c++ --prefix=/usr --program-suffix=-4.6 --enable-shared --enable-linker-build-id --with-system-zlib --libexecdir=/usr/lib --without-included-gettext --enable-threads=posix --with-gxx-include-dir=/usr/include/c++/4.6 --libdir=/usr/lib --enable-nls --with-sysroot=/ --enable-clocale=gnu --enable-libstdcxx-debug --enable-libstdcxx-time=yes --enable-gnu-unique-object --enable-plugin --enable-objc-gc --disable-werror --with-arch-32=i686 --with-tune=generic --enable-checking=release --build=x86_64-linux-gnu --host=x86_64-linux-gnu --target=x86_64-linux-gnu
Thread model: posix
gcc version 4.6.3 (Ubuntu/Linaro 4.6.3-1ubuntu5) 
configure:3135: $? = 0
configure:3124: gcc -V >&5
gcc: error: unrecognized option '-V'
gcc: fatal error: no input files
compilation terminated.
configure:3135: $? = 4
configure:3124: gcc -qversion >&5
gcc: error: unrecognized option '-qversion'
gcc: fatal error: no input files
compilation terminated.
configure:3135: $? = 4
configure:3155: checking whether the C compiler works
configure:3177: gcc    conftest.c  >&5
configure:3181: $? = 0
configure:3230: result: yes
configure:3233: checking for C compiler default output file name
configure:3235: result: a.out
configure:3241: checking for suffix of executables
configure:3248: gcc -o conftest    conftest.c  >&5
configure:3252: $? = 0
configure:3274: result: 
configure:3296: checking whether we are cross compiling
configure:3304: gcc -o conftest    conftest.c  >&5
configure:3308: $? = 0
configure:3315: ./conftest
configure:3319: $? = 0
configure:3334: result: no
configure:3339: checking for suffix of object files
configure:3361: gcc -c   conftest.c >&5
configure:3365: $? = 0
configure:3386: result: o
configure:3390: checking whether we are using the GNU C compiler
configure:3409: gcc -c   conftest.c >&5
configure:3409: $? = 0
configure:3418: result: yes
configure:3427: checking whether gcc accepts -g
configure:3447: gcc -c -g  conftest.c >&5
configure:3447: $? = 0
configure:3488: result: yes
configure:3505: checking for gcc option to accept ISO C89
configure:3569: gcc  -c -g -O2  conftest.c >&5
configure:3569: $? = 0
configure:3582: result: none needed
configure:3604: checking dependency style of gcc
configure:3714: result: none
configure:3741: checking for intltool >= 0.35.0
configure:3748: result: 0.50.2 found
configure:3756: checking for intltool-update
configure:3774: found /usr/bin/intltool-update
configure:3786: result: /usr/bin/intltool-update
configure:3796: checking for intltool-merge
configure:3814: found /usr/bin/intltool-merge
configure:3826: result: /usr/bin/intltool-merge
configure:3836: checking for intltool-extract
configure:3854: found /usr/bin/intltool-extract
configure:3866: result: /usr/bin/intltool-extract
configure:3997: checking for xgettext
configure:4015: found /usr/bin/xgettext
configure:4027: result: /usr/bin/xgettext
configure:4037: checking for msgmerge
configure:4055: found /usr/bin/msgmerge
configure:4067: result: /usr/bin/msgmerge
configure:4077: checking for msgfmt
configure:4095: found /usr/bin/msgfmt
configure:4107: result: /usr/bin/msgfmt
configure:4117: checking for gmsgfmt
configure:4148: result: /usr/bin/msgfmt
configure:4168: checking for perl
configure:4186: found /usr/bin/perl
configure:4198: result: /usr/bin/perl
configure:4209: checking for perl >= 5.8.1
configure:4216: result: 5.14.2
configure:4220: checking for XML::Parser
configure:4223: result: ok
configure:4248: gcc -o conftest -g -O2   conftest.c  >&5
configure:4248: $? = 0
configure:4279: checking how to run the C preprocessor
configure:4310: gcc -E  conftest.c
configure:4310: $? = 0
configure:4324: gcc -E  conftest.c
conftest.c:11:28: fatal error: ac_nonexistent.h: No such file or directory
compilation terminated.
configure:4324: $? = 1
configure: failed program was:
| /* confdefs.h */
| #define PACKAGE_NAME "timetracker-applet"
| #define PACKAGE_TARNAME "timetracker-applet"
| #define PACKAGE_VERSION ""1.1beta1" "
| #define PACKAGE_STRING "timetracker-applet "1.1beta1" "
| #define PACKAGE_BUGREPORT "alex@goretoy.com"
| #define PACKAGE_URL ""
| #define PACKAGE "timetracker-applet"
| #define VERSION ""1.1beta1" "
| /* end confdefs.h.  */
| #include <ac_nonexistent.h>
configure:4349: result: gcc -E
configure:4369: gcc -E  conftest.c
configure:4369: $? = 0
configure:4383: gcc -E  conftest.c
conftest.c:11:28: fatal error: ac_nonexistent.h: No such file or directory
compilation terminated.
configure:4383: $? = 1
configure: failed program was:
| /* confdefs.h */
| #define PACKAGE_NAME "timetracker-applet"
| #define PACKAGE_TARNAME "timetracker-applet"
| #define PACKAGE_VERSION ""1.1beta1" "
| #define PACKAGE_STRING "timetracker-applet "1.1beta1" "
| #define PACKAGE_BUGREPORT "alex@goretoy.com"
| #define PACKAGE_URL ""
| #define PACKAGE "timetracker-applet"
| #define VERSION ""1.1beta1" "
| /* end confdefs.h.  */
| #include <ac_nonexistent.h>
configure:4412: checking for grep that handles long lines and -e
configure:4470: result: /bin/grep
configure:4475: checking for egrep
configure:4537: result: /bin/grep -E
configure:4542: checking for ANSI C header files
configure:4562: gcc -c -g -O2  conftest.c >&5
configure:4562: $? = 0
configure:4635: gcc -o conftest -g -O2   conftest.c  >&5
configure:4635: $? = 0
configure:4635: ./conftest
configure:4635: $? = 0
configure:4646: result: yes
configure:4659: checking for sys/types.h
configure:4659: gcc -c -g -O2  conftest.c >&5
configure:4659: $? = 0
configure:4659: result: yes
configure:4659: checking for sys/stat.h
configure:4659: gcc -c -g -O2  conftest.c >&5
configure:4659: $? = 0
configure:4659: result: yes
configure:4659: checking for stdlib.h
configure:4659: gcc -c -g -O2  conftest.c >&5
configure:4659: $? = 0
configure:4659: result: yes
configure:4659: checking for string.h
configure:4659: gcc -c -g -O2  conftest.c >&5
configure:4659: $? = 0
configure:4659: result: yes
configure:4659: checking for memory.h
configure:4659: gcc -c -g -O2  conftest.c >&5
configure:4659: $? = 0
configure:4659: result: yes
configure:4659: checking for strings.h
configure:4659: gcc -c -g -O2  conftest.c >&5
configure:4659: $? = 0
configure:4659: result: yes
configure:4659: checking for inttypes.h
configure:4659: gcc -c -g -O2  conftest.c >&5
configure:4659: $? = 0
configure:4659: result: yes
configure:4659: checking for stdint.h
configure:4659: gcc -c -g -O2  conftest.c >&5
configure:4659: $? = 0
configure:4659: result: yes
configure:4659: checking for unistd.h
configure:4659: gcc -c -g -O2  conftest.c >&5
configure:4659: $? = 0
configure:4659: result: yes
configure:4675: checking locale.h usability
configure:4675: gcc -c -g -O2  conftest.c >&5
configure:4675: $? = 0
configure:4675: result: yes
configure:4675: checking locale.h presence
configure:4675: gcc -E  conftest.c
configure:4675: $? = 0
configure:4675: result: yes
configure:4675: checking for locale.h
configure:4675: result: yes
configure:4686: checking for LC_MESSAGES
configure:4702: gcc -o conftest -g -O2   conftest.c  >&5
configure:4702: $? = 0
configure:4710: result: yes
configure:4727: checking libintl.h usability
configure:4727: gcc -c -g -O2  conftest.c >&5
configure:4727: $? = 0
configure:4727: result: yes
configure:4727: checking libintl.h presence
configure:4727: gcc -E  conftest.c
configure:4727: $? = 0
configure:4727: result: yes
configure:4727: checking for libintl.h
configure:4727: result: yes
configure:4735: checking for ngettext in libc
configure:4753: gcc -o conftest -g -O2   conftest.c  >&5
configure:4753: $? = 0
configure:4762: result: yes
configure:4766: checking for dgettext in libc
configure:4784: gcc -o conftest -g -O2   conftest.c  >&5
configure:4784: $? = 0
configure:4793: result: yes
configure:4800: checking for bind_textdomain_codeset
configure:4800: gcc -o conftest -g -O2   conftest.c  >&5
configure:4800: $? = 0
configure:4800: result: yes
configure:5076: checking for msgfmt
configure:5103: result: /usr/bin/msgfmt
configure:5114: checking for dcgettext
configure:5114: gcc -o conftest -g -O2   conftest.c   >&5
conftest.c:48:6: warning: conflicting types for built-in function 'dcgettext' [enabled by default]
configure:5114: $? = 0
configure:5114: result: yes
configure:5124: checking if msgfmt accepts -c
configure:5139: $MSGFMT -c -o /dev/null conftest.foo
configure:5142: $? = 0
configure:5144: result: yes
configure:5154: checking for gmsgfmt
configure:5185: result: /usr/bin/msgfmt
configure:5195: checking for xgettext
configure:5222: result: /usr/bin/xgettext
configure:5241: gcc -o conftest -g -O2   conftest.c   >&5
configure:5241: $? = 0
configure:5379: checking for gconftool-2
configure:5397: found /usr/bin/gconftool-2
configure:5409: result: /usr/bin/gconftool-2
configure:5432: result: Using config source xml:merged:/etc/gconf/gconf.xml.defaults for schema installation
configure:5447: result: Using $(sysconfdir)/gconf/schemas as install directory for schema files
configure:5499: checking for a Python interpreter with version >= 2.4
configure:5516: python -c import sys # split strings by '.' and convert to numeric. Append some zeros # because we need at least 4 digits for the hex conversion. # map returns an iterator in Python 3.0 and a list in 2.x minver = list(map(int, '2.4'.split('.'))) + [0, 0, 0] minverhex = 0 # xrange is not present in Python 3.0 and range returns an iterator for i in list(range(0, 4)): minverhex = (minverhex << 8) + minver[i] sys.exit(sys.hexversion < minverhex)
configure:5519: $? = 0
configure:5525: result: python
configure:5533: checking for python
configure:5551: found /usr/bin/python
configure:5563: result: /usr/bin/python
configure:5581: checking for python version
configure:5588: result: 2.7
configure:5600: checking for python platform
configure:5607: result: linux2
configure:5614: checking for python script directory
configure:5643: result: ${prefix}/lib/python2.7/dist-packages
configure:5652: checking for python extension module directory
configure:5681: result: ${exec_prefix}/lib/python2.7/dist-packages
configure:5745: checking for pkg-config
configure:5763: found /usr/bin/pkg-config
configure:5775: result: /usr/bin/pkg-config
configure:5800: checking pkg-config is at least version 0.9.0
configure:5803: result: yes
configure:5816: checking for gtkdoc-check
configure:5849: result: no
configure:5858: checking for gtkdoc-rebase
configure:5891: result: no
configure:5902: checking for gtkdoc-mkpdf
configure:5935: result: no
configure:5973: checking whether to build gtk-doc documentation
configure:5975: result: no
configure:6233: creating ./config.status

## ---------------------- ##
## Running config.status. ##
## ---------------------- ##

This file was extended by timetracker-applet config.status 1.1beta1 , which was
generated by GNU Autoconf 2.65.  Invocation command line was

  CONFIG_FILES    = 
  CONFIG_HEADERS  = 
  CONFIG_LINKS    = 
  CONFIG_COMMANDS = 
  $ ./config.status 

on RE

config.status:878: creating Makefile
config.status:878: creating data/Makefile
config.status:878: creating images/Makefile
config.status:878: creating po/Makefile.in
config.status:878: creating src/Makefile
config.status:878: creating src/timetrackerapplet/Makefile
config.status:878: creating src/timetrackerapplet/controllers/Makefile
config.status:878: creating src/timetrackerapplet/core/Makefile
config.status:878: creating src/timetrackerapplet/ui/Makefile
config.status:1041: executing depfiles commands
config.status:1041: executing default-1 commands
config.status:1041: executing po/stamp-it commands

## ---------------- ##
## Cache variables. ##
## ---------------- ##

ac_cv_c_compiler_gnu=yes
ac_cv_env_CC_set=
ac_cv_env_CC_value=
ac_cv_env_CFLAGS_set=
ac_cv_env_CFLAGS_value=
ac_cv_env_CPPFLAGS_set=
ac_cv_env_CPPFLAGS_value=
ac_cv_env_CPP_set=
ac_cv_env_CPP_value=
ac_cv_env_LDFLAGS_set=
ac_cv_env_LDFLAGS_value=
ac_cv_env_LIBS_set=
ac_cv_env_LIBS_value=
ac_cv_env_PKG_CONFIG_set=
ac_cv_env_PKG_CONFIG_value=
ac_cv_env_build_alias_set=
ac_cv_env_build_alias_value=
ac_cv_env_host_alias_set=
ac_cv_env_host_alias_value=
ac_cv_env_target_alias_set=
ac_cv_env_target_alias_value=
ac_cv_func_bind_textdomain_codeset=yes
ac_cv_func_dcgettext=yes
ac_cv_header_inttypes_h=yes
ac_cv_header_libintl_h=yes
ac_cv_header_locale_h=yes
ac_cv_header_memory_h=yes
ac_cv_header_stdc=yes
ac_cv_header_stdint_h=yes
ac_cv_header_stdlib_h=yes
ac_cv_header_string_h=yes
ac_cv_header_strings_h=yes
ac_cv_header_sys_stat_h=yes
ac_cv_header_sys_types_h=yes
ac_cv_header_unistd_h=yes
ac_cv_objext=o
ac_cv_path_EGREP='/bin/grep -E'
ac_cv_path_GCONFTOOL=/usr/bin/gconftool-2
ac_cv_path_GMSGFMT=/usr/bin/msgfmt
ac_cv_path_GREP=/bin/grep
ac_cv_path_INTLTOOL_EXTRACT=/usr/bin/intltool-extract
ac_cv_path_INTLTOOL_MERGE=/usr/bin/intltool-merge
ac_cv_path_INTLTOOL_PERL=/usr/bin/perl
ac_cv_path_INTLTOOL_UPDATE=/usr/bin/intltool-update
ac_cv_path_MSGFMT=/usr/bin/msgfmt
ac_cv_path_MSGMERGE=/usr/bin/msgmerge
ac_cv_path_PYTHON=/usr/bin/python
ac_cv_path_XGETTEXT=/usr/bin/xgettext
ac_cv_path_ac_pt_PKG_CONFIG=/usr/bin/pkg-config
ac_cv_path_install='/usr/bin/install -c'
ac_cv_path_mkdir=/bin/mkdir
ac_cv_prog_AWK=mawk
ac_cv_prog_CPP='gcc -E'
ac_cv_prog_ac_ct_CC=gcc
ac_cv_prog_cc_c89=
ac_cv_prog_cc_g=yes
ac_cv_prog_make_make_set=yes
am_cv_CC_dependencies_compiler_type=none
am_cv_pathless_PYTHON=python
am_cv_python_platform=linux2
am_cv_python_pyexecdir='${exec_prefix}/lib/python2.7/dist-packages'
am_cv_python_pythondir='${prefix}/lib/python2.7/dist-packages'
am_cv_python_version=2.7
am_cv_val_LC_MESSAGES=yes
gt_cv_func_dgettext_libc=yes
gt_cv_func_dgettext_libintl=no
gt_cv_func_ngettext_libc=yes
gt_cv_have_gettext=yes

## ----------------- ##
## Output variables. ##
## ----------------- ##

ACLOCAL='${SHELL} /home/d/work/Aurora/timetracker-linux/missing --run aclocal-1.11'
ALL_LINGUAS=''
AMDEPBACKSLASH='\'
AMDEP_FALSE='#'
AMDEP_TRUE=''
AMTAR='${SHELL} /home/d/work/Aurora/timetracker-linux/missing --run tar'
AUTOCONF='${SHELL} /home/d/work/Aurora/timetracker-linux/missing --run autoconf'
AUTOHEADER='${SHELL} /home/d/work/Aurora/timetracker-linux/missing --run autoheader'
AUTOMAKE='${SHELL} /home/d/work/Aurora/timetracker-linux/missing --run automake-1.11'
AWK='mawk'
CATALOGS=''
CATOBJEXT='.gmo'
CC='gcc'
CCDEPMODE='depmode=none'
CFLAGS='-g -O2'
CPP='gcc -E'
CPPFLAGS=''
CYGPATH_W='echo'
DATADIRNAME='share'
DEFS='-DPACKAGE_NAME=\"timetracker-applet\" -DPACKAGE_TARNAME=\"timetracker-applet\" -DPACKAGE_VERSION=\"\"1.1beta1\"\ \" -DPACKAGE_STRING=\"timetracker-applet\ \"1.1beta1\"\ \" -DPACKAGE_BUGREPORT=\"alex@goretoy.com\" -DPACKAGE_URL=\"\" -DPACKAGE=\"timetracker-applet\" -DVERSION=\"\"1.1beta1\"\ \" -DSTDC_HEADERS=1 -DHAVE_SYS_TYPES_H=1 -DHAVE_SYS_STAT_H=1 -DHAVE_STDLIB_H=1 -DHAVE_STRING_H=1 -DHAVE_MEMORY_H=1 -DHAVE_STRINGS_H=1 -DHAVE_INTTYPES_H=1 -DHAVE_STDINT_H=1 -DHAVE_UNISTD_H=1 -DHAVE_LOCALE_H=1 -DHAVE_LC_MESSAGES=1 -DHAVE_BIND_TEXTDOMAIN_CODESET=1 -DHAVE_GETTEXT=1 -DHAVE_DCGETTEXT=1 -DENABLE_NLS=1'
DEPDIR='.deps'
ECHO_C=''
ECHO_N='-n'
ECHO_T=''
EGREP='/bin/grep -E'
ENABLE_GTK_DOC_FALSE=''
ENABLE_GTK_DOC_TRUE='#'
EXEEXT=''
GCONFTOOL='/usr/bin/gconftool-2'
GCONF_SCHEMAS_INSTALL_FALSE='#'
GCONF_SCHEMAS_INSTALL_TRUE=''
GCONF_SCHEMA_CONFIG_SOURCE='xml:merged:/etc/gconf/gconf.xml.defaults'
GCONF_SCHEMA_FILE_DIR='$(sysconfdir)/gconf/schemas'
GETTEXT_PACKAGE='timetracker-applet'
GMOFILES=''
GMSGFMT='/usr/bin/msgfmt'
GREP='/bin/grep'
GTKDOC_CHECK=''
GTKDOC_MKPDF=''
GTKDOC_REBASE='true'
GTK_DOC_BUILD_HTML_FALSE='#'
GTK_DOC_BUILD_HTML_TRUE=''
GTK_DOC_BUILD_PDF_FALSE=''
GTK_DOC_BUILD_PDF_TRUE='#'
GTK_DOC_USE_LIBTOOL_FALSE=''
GTK_DOC_USE_LIBTOOL_TRUE='#'
GTK_DOC_USE_REBASE_FALSE='#'
GTK_DOC_USE_REBASE_TRUE=''
HTML_DIR='${datadir}/gtk-doc/html'
INSTALL_DATA='${INSTALL} -m 644'
INSTALL_PROGRAM='${INSTALL}'
INSTALL_SCRIPT='${INSTALL}'
INSTALL_STRIP_PROGRAM='$(install_sh) -c -s'
INSTOBJEXT='.mo'
INTLLIBS=''
INTLTOOL_CAVES_RULE='%.caves:     %.caves.in     $(INTLTOOL_MERGE) $(wildcard $(top_srcdir)/po/*.po) ; LC_ALL=C $(INTLTOOL_MERGE) -d -u -c $(top_builddir)/po/.intltool-merge-cache $(top_srcdir)/po $< $@'
INTLTOOL_DESKTOP_RULE='%.desktop:   %.desktop.in   $(INTLTOOL_MERGE) $(wildcard $(top_srcdir)/po/*.po) ; LC_ALL=C $(INTLTOOL_MERGE) -d -u -c $(top_builddir)/po/.intltool-merge-cache $(top_srcdir)/po $< $@'
INTLTOOL_DIRECTORY_RULE='%.directory: %.directory.in $(INTLTOOL_MERGE) $(wildcard $(top_srcdir)/po/*.po) ; LC_ALL=C $(INTLTOOL_MERGE) -d -u -c $(top_builddir)/po/.intltool-merge-cache $(top_srcdir)/po $< $@'
INTLTOOL_EXTRACT='/usr/bin/intltool-extract'
INTLTOOL_KBD_RULE='%.kbd:       %.kbd.in       $(INTLTOOL_MERGE) $(wildcard $(top_srcdir)/po/*.po) ; LC_ALL=C $(INTLTOOL_MERGE) -x -u -m -c $(top_builddir)/po/.intltool-merge-cache $(top_srcdir)/po $< $@'
INTLTOOL_KEYS_RULE='%.keys:      %.keys.in      $(INTLTOOL_MERGE) $(wildcard $(top_srcdir)/po/*.po) ; LC_ALL=C $(INTLTOOL_MERGE) -k -u -c $(top_builddir)/po/.intltool-merge-cache $(top_srcdir)/po $< $@'
INTLTOOL_MERGE='/usr/bin/intltool-merge'
INTLTOOL_OAF_RULE='%.oaf:       %.oaf.in       $(INTLTOOL_MERGE) $(wildcard $(top_srcdir)/po/*.po) ; LC_ALL=C $(INTLTOOL_MERGE) -o -p $(top_srcdir)/po $< $@'
INTLTOOL_PERL='/usr/bin/perl'
INTLTOOL_POLICY_RULE='%.policy:    %.policy.in    $(INTLTOOL_MERGE) $(wildcard $(top_srcdir)/po/*.po) ; LC_ALL=C $(INTLTOOL_MERGE) -x -u -c $(top_builddir)/po/.intltool-merge-cache $(top_srcdir)/po $< $@'
INTLTOOL_PONG_RULE='%.pong:      %.pong.in      $(INTLTOOL_MERGE) $(wildcard $(top_srcdir)/po/*.po) ; LC_ALL=C $(INTLTOOL_MERGE) -x -u -c $(top_builddir)/po/.intltool-merge-cache $(top_srcdir)/po $< $@'
INTLTOOL_PROP_RULE='%.prop:      %.prop.in      $(INTLTOOL_MERGE) $(wildcard $(top_srcdir)/po/*.po) ; LC_ALL=C $(INTLTOOL_MERGE) -d -u -c $(top_builddir)/po/.intltool-merge-cache $(top_srcdir)/po $< $@'
INTLTOOL_SCHEMAS_RULE='%.schemas:   %.schemas.in   $(INTLTOOL_MERGE) $(wildcard $(top_srcdir)/po/*.po) ; LC_ALL=C $(INTLTOOL_MERGE) -s -u -c $(top_builddir)/po/.intltool-merge-cache $(top_srcdir)/po $< $@'
INTLTOOL_SERVER_RULE='%.server:    %.server.in    $(INTLTOOL_MERGE) $(wildcard $(top_srcdir)/po/*.po) ; LC_ALL=C $(INTLTOOL_MERGE) -o -u -c $(top_builddir)/po/.intltool-merge-cache $(top_srcdir)/po $< $@'
INTLTOOL_SERVICE_RULE='%.service: %.service.in   $(INTLTOOL_MERGE) $(wildcard $(top_srcdir)/po/*.po) ; LC_ALL=C $(INTLTOOL_MERGE) -d -u -c $(top_builddir)/po/.intltool-merge-cache $(top_srcdir)/po $< $@'
INTLTOOL_SHEET_RULE='%.sheet:     %.sheet.in     $(INTLTOOL_MERGE) $(wildcard $(top_srcdir)/po/*.po) ; LC_ALL=C $(INTLTOOL_MERGE) -x -u -c $(top_builddir)/po/.intltool-merge-cache $(top_srcdir)/po $< $@'
INTLTOOL_SOUNDLIST_RULE='%.soundlist: %.soundlist.in $(INTLTOOL_MERGE) $(wildcard $(top_srcdir)/po/*.po) ; LC_ALL=C $(INTLTOOL_MERGE) -d -u -c $(top_builddir)/po/.intltool-merge-cache $(top_srcdir)/po $< $@'
INTLTOOL_THEME_RULE='%.theme:     %.theme.in     $(INTLTOOL_MERGE) $(wildcard $(top_srcdir)/po/*.po) ; LC_ALL=C $(INTLTOOL_MERGE) -d -u -c $(top_builddir)/po/.intltool-merge-cache $(top_srcdir)/po $< $@'
INTLTOOL_UI_RULE='%.ui:        %.ui.in        $(INTLTOOL_MERGE) $(wildcard $(top_srcdir)/po/*.po) ; LC_ALL=C $(INTLTOOL_MERGE) -x -u -c $(top_builddir)/po/.intltool-merge-cache $(top_srcdir)/po $< $@'
INTLTOOL_UPDATE='/usr/bin/intltool-update'
INTLTOOL_XAM_RULE='%.xam:       %.xml.in       $(INTLTOOL_MERGE) $(wildcard $(top_srcdir)/po/*.po) ; LC_ALL=C $(INTLTOOL_MERGE) -x -u -c $(top_builddir)/po/.intltool-merge-cache $(top_srcdir)/po $< $@'
INTLTOOL_XML_NOMERGE_RULE='%.xml:       %.xml.in       $(INTLTOOL_MERGE) ; LC_ALL=C $(INTLTOOL_MERGE) -x -u /tmp $< $@'
INTLTOOL_XML_RULE='%.xml:       %.xml.in       $(INTLTOOL_MERGE) $(wildcard $(top_srcdir)/po/*.po) ; LC_ALL=C $(INTLTOOL_MERGE) -x -u -c $(top_builddir)/po/.intltool-merge-cache $(top_srcdir)/po $< $@'
LDFLAGS=''
LIBOBJS=''
LIBS=''
LTLIBOBJS=''
MAINT='#'
MAINTAINER_MODE_FALSE=''
MAINTAINER_MODE_TRUE='#'
MAKEINFO='${SHELL} /home/d/work/Aurora/timetracker-linux/missing --run makeinfo'
MKDIR_P='/bin/mkdir -p'
MKINSTALLDIRS='./mkinstalldirs'
MSGFMT='/usr/bin/msgfmt'
MSGFMT_OPTS='-c'
MSGMERGE='/usr/bin/msgmerge'
OBJEXT='o'
PACKAGE='timetracker-applet'
PACKAGE_BUGREPORT='alex@goretoy.com'
PACKAGE_NAME='timetracker-applet'
PACKAGE_STRING='timetracker-applet "1.1beta1" '
PACKAGE_TARNAME='timetracker-applet'
PACKAGE_URL=''
PACKAGE_VERSION='"1.1beta1" '
PATH_SEPARATOR=':'
PKG_CONFIG='/usr/bin/pkg-config'
POFILES=''
POSUB='po'
PO_IN_DATADIR_FALSE=''
PO_IN_DATADIR_TRUE=''
PYTHON='/usr/bin/python'
PYTHON_EXEC_PREFIX='${exec_prefix}'
PYTHON_PLATFORM='linux2'
PYTHON_PREFIX='${prefix}'
PYTHON_VERSION='2.7'
SET_MAKE=''
SHELL='/bin/bash'
STRIP=''
USE_NLS='yes'
VERSION='"1.1beta1" '
XGETTEXT='/usr/bin/xgettext'
ac_ct_CC='gcc'
am__EXEEXT_FALSE=''
am__EXEEXT_TRUE='#'
am__fastdepCC_FALSE=''
am__fastdepCC_TRUE='#'
am__include='include'
am__isrc=''
am__leading_dot='.'
am__quote=''
am__tar='${AMTAR} chof - "$$tardir"'
am__untar='${AMTAR} xf -'
bindir='${exec_prefix}/bin'
build_alias=''
datadir='${datarootdir}'
datarootdir='${prefix}/share'
docdir='${datarootdir}/doc/${PACKAGE_TARNAME}'
dvidir='${docdir}'
exec_prefix='${prefix}'
host_alias=''
htmldir='${docdir}'
includedir='${prefix}/include'
infodir='${datarootdir}/info'
install_sh='${SHELL} /home/d/work/Aurora/timetracker-linux/install-sh'
libdir='${exec_prefix}/lib'
libexecdir='${exec_prefix}/libexec'
localedir='${datarootdir}/locale'
localstatedir='${prefix}/var'
mandir='${datarootdir}/man'
mkdir_p='/bin/mkdir -p'
oldincludedir='/usr/include'
pdfdir='${docdir}'
pkgpyexecdir='${pyexecdir}/timetracker-applet'
pkgpythondir='${pythondir}/timetracker-applet'
prefix='/usr/local'
program_transform_name='s,x,x,'
psdir='${docdir}'
pyexecdir='${exec_prefix}/lib/python2.7/dist-packages'
pythondir='${prefix}/lib/python2.7/dist-packages'
sbindir='${exec_prefix}/sbin'
sharedstatedir='${prefix}/com'
sysconfdir='${prefix}/etc'
target_alias=''

## ----------- ##
## confdefs.h. ##
## ----------- ##

/* confdefs.h */
#define PACKAGE_NAME "timetracker-applet"
#define PACKAGE_TARNAME "timetracker-applet"
#define PACKAGE_VERSION ""1.1beta1" "
#define PACKAGE_STRING "timetracker-applet "1.1beta1" "
#define PACKAGE_BUGREPORT "alex@goretoy.com"
#define PACKAGE_URL ""
#define PACKAGE "timetracker-applet"
#define VERSION ""1.1beta1" "
#define STDC_HEADERS 1
#define HAVE_SYS_TYPES_H 1
#define HAVE_SYS_STAT_H 1
#define HAVE_STDLIB_H 1
#define HAVE_STRING_H 1
#define HAVE_MEMORY_H 1
#define HAVE_STRINGS_H 1
#define HAVE_INTTYPES_H 1
#define HAVE_STDINT_H 1
#define HAVE_UNISTD_H 1
#define HAVE_LOCALE_H 1
#define HAVE_LC_MESSAGES 1
#define HAVE_BIND_TEXTDOMAIN_CODESET 1
#define HAVE_GETTEXT 1
#define HAVE_DCGETTEXT 1
#define ENABLE_NLS 1

configure: exit 0
